# JRE version: OpenJDK Runtime Environment (11.0.7+10) (build 11.0.7+10-post-Ubuntu-2ubuntu218.04)
# Java VM: OpenJDK 64-Bit Server VM (11.0.7+10-post-Ubuntu-2ubuntu218.04, mixed mode, tiered, compressed oops, g1 gc, linux-amd64)
Heap:
 garbage-first heap   total 587776K, used 74781K [0x00000000c6600000, 0x0000000100000000)
  region size 1024K, 8 young (8192K), 8 survivors (8192K)
 Metaspace       used 29208K, capacity 29881K, committed 30256K, reserved 1075200K
  class space    used 3361K, capacity 3695K, committed 3712K, reserved 1048576K
GC Heap History (20 events):
Event: 431.446 GC heap after
{Heap after GC invocations=400 (full 0):
 garbage-first heap   total 315392K, used 65766K [0x00000000c6600000, 0x0000000100000000)
  region size 1024K, 1 young (1024K), 1 survivors (1024K)
 Metaspace       used 29208K, capacity 29881K, committed 30256K, reserved 1075200K
  class space    used 3361K, capacity 3695K, committed 3712K, reserved 1048576K
}
Event: 431.512 GC heap before
{Heap before GC invocations=400 (full 0):
 garbage-first heap   total 315392K, used 80102K [0x00000000c6600000, 0x0000000100000000)
  region size 1024K, 15 young (15360K), 1 survivors (1024K)
 Metaspace       used 29208K, capacity 29881K, committed 30256K, reserved 1075200K
  class space    used 3361K, capacity 3695K, committed 3712K, reserved 1048576K
}
Event: 431.515 GC heap after
{Heap after GC invocations=401 (full 0):
 garbage-first heap   total 315392K, used 66211K [0x00000000c6600000, 0x0000000100000000)
  region size 1024K, 2 young (2048K), 2 survivors (2048K)
 Metaspace       used 29208K, capacity 29881K, committed 30256K, reserved 1075200K
  class space    used 3361K, capacity 3695K, committed 3712K, reserved 1048576K
}
Event: 431.545 GC heap before
{Heap before GC invocations=401 (full 0):
 garbage-first heap   total 315392K, used 79523K [0x00000000c6600000, 0x0000000100000000)
  region size 1024K, 15 young (15360K), 2 survivors (2048K)
 Metaspace       used 29208K, capacity 29881K, committed 30256K, reserved 1075200K
  class space    used 3361K, capacity 3695K, committed 3712K, reserved 1048576K
}
Event: 431.550 GC heap after
{Heap after GC invocations=402 (full 0):
 garbage-first heap   total 369664K, used 66447K [0x00000000c6600000, 0x0000000100000000)
  region size 1024K, 1 young (1024K), 1 survivors (1024K)
 Metaspace       used 29208K, capacity 29881K, committed 30256K, reserved 1075200K
  class space    used 3361K, capacity 3695K, committed 3712K, reserved 1048576K
}
Event: 431.629 GC heap before
{Heap before GC invocations=402 (full 0):
 garbage-first heap   total 369664K, used 83855K [0x00000000c6600000, 0x0000000100000000)
  region size 1024K, 18 young (18432K), 1 survivors (1024K)
 Metaspace       used 29208K, capacity 29881K, committed 30256K, reserved 1075200K
  class space    used 3361K, capacity 3695K, committed 3712K, reserved 1048576K
}
Event: 431.633 GC heap after
{Heap after GC invocations=403 (full 0):
 garbage-first heap   total 369664K, used 66828K [0x00000000c6600000, 0x0000000100000000)
  region size 1024K, 2 young (2048K), 2 survivors (2048K)
 Metaspace       used 29208K, capacity 29881K, committed 30256K, reserved 1075200K
  class space    used 3361K, capacity 3695K, committed 3712K, reserved 1048576K
}
Event: 431.690 GC heap before
{Heap before GC invocations=403 (full 0):
 garbage-first heap   total 369664K, used 83212K [0x00000000c6600000, 0x0000000100000000)
  region size 1024K, 18 young (18432K), 2 survivors (2048K)
 Metaspace       used 29208K, capacity 29881K, committed 30256K, reserved 1075200K
  class space    used 3361K, capacity 3695K, committed 3712K, reserved 1048576K
}
Event: 431.695 GC heap after
{Heap after GC invocations=404 (full 0):
 garbage-first heap   total 369664K, used 67456K [0x00000000c6600000, 0x0000000100000000)
  region size 1024K, 2 young (2048K), 2 survivors (2048K)
 Metaspace       used 29208K, capacity 29881K, committed 30256K, reserved 1075200K
  class space    used 3361K, capacity 3695K, committed 3712K, reserved 1048576K
}
Event: 431.751 GC heap before
{Heap before GC invocations=404 (full 0):
 garbage-first heap   total 369664K, used 83840K [0x00000000c6600000, 0x0000000100000000)
  region size 1024K, 18 young (18432K), 2 survivors (2048K)
 Metaspace       used 29208K, capacity 29881K, committed 30256K, reserved 1075200K
  class space    used 3361K, capacity 3695K, committed 3712K, reserved 1048576K
}
Event: 431.763 GC heap after
{Heap after GC invocations=405 (full 0):
 garbage-first heap   total 369664K, used 68162K [0x00000000c6600000, 0x0000000100000000)
  region size 1024K, 3 young (3072K), 3 survivors (3072K)
 Metaspace       used 29208K, capacity 29881K, committed 30256K, reserved 1075200K
  class space    used 3361K, capacity 3695K, committed 3712K, reserved 1048576K
}
Event: 431.815 GC heap before
{Heap before GC invocations=405 (full 0):
 garbage-first heap   total 369664K, used 83522K [0x00000000c6600000, 0x0000000100000000)
  region size 1024K, 18 young (18432K), 3 survivors (3072K)
 Metaspace       used 29208K, capacity 29881K, committed 30256K, reserved 1075200K
  class space    used 3361K, capacity 3695K, committed 3712K, reserved 1048576K
}
Event: 431.822 GC heap after
{Heap after GC invocations=406 (full 0):
 garbage-first heap   total 485376K, used 68606K [0x00000000c6600000, 0x0000000100000000)
  region size 1024K, 2 young (2048K), 2 survivors (2048K)
 Metaspace       used 29208K, capacity 29881K, committed 30256K, reserved 1075200K
  class space    used 3361K, capacity 3695K, committed 3712K, reserved 1048576K
}
Event: 431.901 GC heap before
{Heap before GC invocations=406 (full 0):
 garbage-first heap   total 485376K, used 90110K [0x00000000c6600000, 0x0000000100000000)
  region size 1024K, 23 young (23552K), 2 survivors (2048K)
 Metaspace       used 29208K, capacity 29881K, committed 30256K, reserved 1075200K
  class space    used 3361K, capacity 3695K, committed 3712K, reserved 1048576K
}
Event: 431.924 GC heap after
{Heap after GC invocations=407 (full 0):
 garbage-first heap   total 485376K, used 69176K [0x00000000c6600000, 0x0000000100000000)
  region size 1024K, 2 young (2048K), 2 survivors (2048K)
 Metaspace       used 29208K, capacity 29881K, committed 30256K, reserved 1075200K
  class space    used 3361K, capacity 3695K, committed 3712K, reserved 1048576K
}
Event: 432.015 GC heap before
{Heap before GC invocations=407 (full 0):
 garbage-first heap   total 485376K, used 95800K [0x00000000c6600000, 0x0000000100000000)
  region size 1024K, 28 young (28672K), 2 survivors (2048K)
 Metaspace       used 29208K, capacity 29881K, committed 30256K, reserved 1075200K
  class space    used 3361K, capacity 3695K, committed 3712K, reserved 1048576K
}
Event: 432.022 GC heap after
{Heap after GC invocations=408 (full 0):
 garbage-first heap   total 485376K, used 70001K [0x00000000c6600000, 0x0000000100000000)
  region size 1024K, 3 young (3072K), 3 survivors (3072K)
 Metaspace       used 29208K, capacity 29881K, committed 30256K, reserved 1075200K
  class space    used 3361K, capacity 3695K, committed 3712K, reserved 1048576K
}
Event: 432.262 GC heap before
{Heap before GC invocations=408 (full 0):
 garbage-first heap   total 485376K, used 138609K [0x00000000c6600000, 0x0000000100000000)
  region size 1024K, 70 young (71680K), 3 survivors (3072K)
 Metaspace       used 29208K, capacity 29881K, committed 30256K, reserved 1075200K
  class space    used 3361K, capacity 3695K, committed 3712K, reserved 1048576K
}
Event: 432.278 GC heap after
{Heap after GC invocations=409 (full 0):
 garbage-first heap   total 485376K, used 71911K [0x00000000c6600000, 0x0000000100000000)
  region size 1024K, 5 young (5120K), 5 survivors (5120K)
 Metaspace       used 29208K, capacity 29881K, committed 30256K, reserved 1075200K
  class space    used 3361K, capacity 3695K, committed 3712K, reserved 1048576K
}
Event: 432.777 GC heap before
{Heap before GC invocations=409 (full 0):
 garbage-first heap   total 485376K, used 174311K [0x00000000c6600000, 0x0000000100000000)
  region size 1024K, 105 young (107520K), 5 survivors (5120K)
 Metaspace       used 29208K, capacity 29881K, committed 30256K, reserved 1075200K
  class space    used 3361K, capacity 3695K, committed 3712K, reserved 1048576K
}

