# JRE version: OpenJDK Runtime Environment (11.0.7+10) (build 11.0.7+10-post-Ubuntu-2ubuntu218.04)
# Java VM: OpenJDK 64-Bit Server VM (11.0.7+10-post-Ubuntu-2ubuntu218.04, mixed mode, tiered, compressed oops, g1 gc, linux-amd64)
Heap:
 garbage-first heap   total 601088K, used 239370K [0x00000000c6600000, 0x0000000100000000)
  region size 1024K, 5 young (5120K), 5 survivors (5120K)
 Metaspace       used 28770K, capacity 29459K, committed 29744K, reserved 1075200K
  class space    used 3321K, capacity 3661K, committed 3712K, reserved 1048576K
GC Heap History (20 events):
Event: 501.928 GC heap after
{Heap after GC invocations=1016 (full 0):
 garbage-first heap   total 371712K, used 231650K [0x00000000c6600000, 0x0000000100000000)
  region size 1024K, 3 young (3072K), 3 survivors (3072K)
 Metaspace       used 28770K, capacity 29459K, committed 29744K, reserved 1075200K
  class space    used 3321K, capacity 3661K, committed 3712K, reserved 1048576K
}
Event: 502.093 GC heap before
{Heap before GC invocations=1016 (full 0):
 garbage-first heap   total 371712K, used 326882K [0x00000000c6600000, 0x0000000100000000)
  region size 1024K, 96 young (98304K), 3 survivors (3072K)
 Metaspace       used 28770K, capacity 29459K, committed 29744K, reserved 1075200K
  class space    used 3321K, capacity 3661K, committed 3712K, reserved 1048576K
}
Event: 502.099 GC heap after
{Heap after GC invocations=1017 (full 0):
 garbage-first heap   total 371712K, used 233644K [0x00000000c6600000, 0x0000000100000000)
  region size 1024K, 5 young (5120K), 5 survivors (5120K)
 Metaspace       used 28770K, capacity 29459K, committed 29744K, reserved 1075200K
  class space    used 3321K, capacity 3661K, committed 3712K, reserved 1048576K
}
Event: 502.291 GC heap before
{Heap before GC invocations=1017 (full 0):
 garbage-first heap   total 371712K, used 326828K [0x00000000c6600000, 0x0000000100000000)
  region size 1024K, 96 young (98304K), 5 survivors (5120K)
 Metaspace       used 28770K, capacity 29459K, committed 29744K, reserved 1075200K
  class space    used 3321K, capacity 3661K, committed 3712K, reserved 1048576K
}
Event: 502.299 GC heap after
{Heap after GC invocations=1018 (full 0):
 garbage-first heap   total 371712K, used 236801K [0x00000000c6600000, 0x0000000100000000)
  region size 1024K, 8 young (8192K), 8 survivors (8192K)
 Metaspace       used 28770K, capacity 29459K, committed 29744K, reserved 1075200K
  class space    used 3321K, capacity 3661K, committed 3712K, reserved 1048576K
}
Event: 502.458 GC heap before
{Heap before GC invocations=1018 (full 0):
 garbage-first heap   total 371712K, used 324865K [0x00000000c6600000, 0x0000000100000000)
  region size 1024K, 94 young (96256K), 8 survivors (8192K)
 Metaspace       used 28770K, capacity 29459K, committed 29744K, reserved 1075200K
  class space    used 3321K, capacity 3661K, committed 3712K, reserved 1048576K
}
Event: 502.465 GC heap after
{Heap after GC invocations=1019 (full 0):
 garbage-first heap   total 371712K, used 232450K [0x00000000c6600000, 0x0000000100000000)
  region size 1024K, 2 young (2048K), 2 survivors (2048K)
 Metaspace       used 28770K, capacity 29459K, committed 29744K, reserved 1075200K
  class space    used 3321K, capacity 3661K, committed 3712K, reserved 1048576K
}
Event: 502.625 GC heap before
{Heap before GC invocations=1019 (full 0):
 garbage-first heap   total 371712K, used 325634K [0x00000000c6600000, 0x0000000100000000)
  region size 1024K, 93 young (95232K), 2 survivors (2048K)
 Metaspace       used 28770K, capacity 29459K, committed 29744K, reserved 1075200K
  class space    used 3321K, capacity 3661K, committed 3712K, reserved 1048576K
}
Event: 502.627 GC heap after
{Heap after GC invocations=1020 (full 0):
 garbage-first heap   total 371712K, used 232252K [0x00000000c6600000, 0x0000000100000000)
  region size 1024K, 2 young (2048K), 2 survivors (2048K)
 Metaspace       used 28770K, capacity 29459K, committed 29744K, reserved 1075200K
  class space    used 3321K, capacity 3661K, committed 3712K, reserved 1048576K
}
Event: 502.824 GC heap before
{Heap before GC invocations=1020 (full 0):
 garbage-first heap   total 371712K, used 326460K [0x00000000c6600000, 0x0000000100000000)
  region size 1024K, 94 young (96256K), 2 survivors (2048K)
 Metaspace       used 28770K, capacity 29459K, committed 29744K, reserved 1075200K
  class space    used 3321K, capacity 3661K, committed 3712K, reserved 1048576K
}
Event: 503.627 GC heap after
{Heap after GC invocations=1021 (full 0):
 garbage-first heap   total 371712K, used 234780K [0x00000000c6600000, 0x0000000100000000)
  region size 1024K, 5 young (5120K), 5 survivors (5120K)
 Metaspace       used 28770K, capacity 29459K, committed 29744K, reserved 1075200K
  class space    used 3321K, capacity 3661K, committed 3712K, reserved 1048576K
}
Event: 503.663 GC heap before
{Heap before GC invocations=1021 (full 0):
 garbage-first heap   total 371712K, used 248092K [0x00000000c6600000, 0x0000000100000000)
  region size 1024K, 18 young (18432K), 5 survivors (5120K)
 Metaspace       used 28770K, capacity 29459K, committed 29744K, reserved 1075200K
  class space    used 3321K, capacity 3661K, committed 3712K, reserved 1048576K
}
Event: 503.667 GC heap after
{Heap after GC invocations=1022 (full 0):
 garbage-first heap   total 371712K, used 235153K [0x00000000c6600000, 0x0000000100000000)
  region size 1024K, 1 young (1024K), 1 survivors (1024K)
 Metaspace       used 28770K, capacity 29459K, committed 29744K, reserved 1075200K
  class space    used 3321K, capacity 3661K, committed 3712K, reserved 1048576K
}
Event: 503.704 GC heap before
{Heap before GC invocations=1022 (full 0):
 garbage-first heap   total 371712K, used 252561K [0x00000000c6600000, 0x0000000100000000)
  region size 1024K, 18 young (18432K), 1 survivors (1024K)
 Metaspace       used 28770K, capacity 29459K, committed 29744K, reserved 1075200K
  class space    used 3321K, capacity 3661K, committed 3712K, reserved 1048576K
}
Event: 503.706 GC heap after
{Heap after GC invocations=1023 (full 0):
 garbage-first heap   total 371712K, used 235533K [0x00000000c6600000, 0x0000000100000000)
  region size 1024K, 2 young (2048K), 2 survivors (2048K)
 Metaspace       used 28770K, capacity 29459K, committed 29744K, reserved 1075200K
  class space    used 3321K, capacity 3661K, committed 3712K, reserved 1048576K
}
Event: 503.741 GC heap before
{Heap before GC invocations=1023 (full 0):
 garbage-first heap   total 371712K, used 251917K [0x00000000c6600000, 0x0000000100000000)
  region size 1024K, 18 young (18432K), 2 survivors (2048K)
 Metaspace       used 28770K, capacity 29459K, committed 29744K, reserved 1075200K
  class space    used 3321K, capacity 3661K, committed 3712K, reserved 1048576K
}
Event: 503.743 GC heap after
{Heap after GC invocations=1024 (full 0):
 garbage-first heap   total 371712K, used 236049K [0x00000000c6600000, 0x0000000100000000)
  region size 1024K, 2 young (2048K), 2 survivors (2048K)
 Metaspace       used 28770K, capacity 29459K, committed 29744K, reserved 1075200K
  class space    used 3321K, capacity 3661K, committed 3712K, reserved 1048576K
}
Event: 503.899 GC heap before
{Heap before GC invocations=1024 (full 0):
 garbage-first heap   total 371712K, used 309777K [0x00000000c6600000, 0x0000000100000000)
  region size 1024K, 74 young (75776K), 2 survivors (2048K)
 Metaspace       used 28770K, capacity 29459K, committed 29744K, reserved 1075200K
  class space    used 3321K, capacity 3661K, committed 3712K, reserved 1048576K
}
Event: 503.904 GC heap after
{Heap after GC invocations=1025 (full 0):
 garbage-first heap   total 371712K, used 237730K [0x00000000c6600000, 0x0000000100000000)
  region size 1024K, 4 young (4096K), 4 survivors (4096K)
 Metaspace       used 28770K, capacity 29459K, committed 29744K, reserved 1075200K
  class space    used 3321K, capacity 3661K, committed 3712K, reserved 1048576K
}
Event: 504.054 GC heap before
{Heap before GC invocations=1025 (full 0):
 garbage-first heap   total 371712K, used 312482K [0x00000000c6600000, 0x0000000100000000)
  region size 1024K, 77 young (78848K), 4 survivors (4096K)
 Metaspace       used 28770K, capacity 29459K, committed 29744K, reserved 1075200K
  class space    used 3321K, capacity 3661K, committed 3712K, reserved 1048576K
}

